<?xml version="1.0" encoding="UTF-8"?>
<testsuite xmlns:xsi="http://www.w3.org/2001/XMLSchema-instance" xsi:noNamespaceSchemaLocation="https://maven.apache.org/surefire/maven-surefire-plugin/xsd/surefire-test-report.xsd" name="sampleQueue.QueueTest" time="0.238" tests="16" errors="0" skipped="3" failures="0">
  <properties>
[...]
</properties>
  <testcase name="isEmptyShouldGiveFalseWhenQueueIsNotEmpty" classname="sampleQueue.QueueTest" time="0">
    <skipped message="void sampleQueue.QueueTest.isEmptyShouldGiveFalseWhenQueueIsNotEmpty() is @Disabled"/>
  </testcase>
  <testcase name="isEmptyShouldGiveTrueOnQueueInit" classname="sampleQueue.QueueTest" time="0.056"/>
  <testcase name="isInstantiatedWithNew" classname="sampleQueue.QueueTest" time="0">
    <skipped message="void sampleQueue.QueueTest.isInstantiatedWithNew() is @Disabled"/>
  </testcase>
  <testcase name="throwsExceptionsWhenPeeked" classname="sampleQueue.QueueTest$WhenNew" time="0.006"/>
  <testcase name="throwsExceptionWhenDequeued" classname="sampleQueue.QueueTest$WhenNew" time="0.002"/>
  <testcase name="isEmpty" classname="sampleQueue.QueueTest$WhenNew" time="0.001"/>
  <testcase name="constructorTest" classname="sampleQueue.QueueTest$WhenNew$AfterEnqueueing" time="0.01"/>
  <testcase name="returnElementWhenPeeked" classname="sampleQueue.QueueTest$WhenNew$AfterEnqueueing" time="0.005"/>
  <testcase name="returnElementWhenDequeued" classname="sampleQueue.QueueTest$WhenNew$AfterEnqueueing" time="0.002"/>
  <testcase name="queueSizeTest" classname="sampleQueue.QueueTest$WhenNew$AfterEnqueueing" time="0.001"/>
  <testcase name="bugInEnqueueFunction" classname="sampleQueue.QueueTest$WhenNew$AfterEnqueueing" time="0">
    <skipped message="void sampleQueue.QueueTest$WhenNew$AfterEnqueueing.bugInEnqueueFunction() is @Disabled"/>
  </testcase>
  <testcase name="removeAllTest" classname="sampleQueue.QueueTest$WhenNew$AfterEnqueueing" time="0.002"/>
  <testcase name="iteratorTest" classname="sampleQueue.QueueTest$WhenNew$AfterEnqueueing" time="0.001"/>
  <testcase name="returnLength" classname="sampleQueue.QueueTest$WhenNew$AfterEnqueueing" time="0.001"/>
  <testcase name="toStringTest" classname="sampleQueue.QueueTest$WhenNew$AfterEnqueueing" time="0.002"/>
  <testcase name="isNotEmpty" classname="sampleQueue.QueueTest$WhenNew$AfterEnqueueing" time="0"/>
</testsuite>